mktextfm Flama-Light
mktextfm Flama-Light
mktextfm Flama-Light
mktextfm Flama-Light/BI
mktextfm Flama-Light
mktextfm Flama-Light/B
mktextfm Flama-Light
mktextfm Flama-Light/I
mktextfm Flama-Light
mktextfm Flama-Light
mktextfm Flama-Book
mktextfm Flama-Book
mktextfm Flama-Book
mktextfm Flama-Book/BI
mktextfm Flama-Book
mktextfm Flama-Book/B
mktextfm Flama-Book
mktextfm Flama-Book/I
mktextfm Flama-Book
mktextfm Flama-Book
mktextfm Flama-Medium
mktextfm Flama-Medium
mktextfm Flama-Medium
mktextfm Flama-Medium/BI
mktextfm Flama-Medium
mktextfm Flama-Medium/B
mktextfm Flama-Medium
mktextfm Flama-Medium/I
mktextfm Flama-Medium
mktextfm Flama-Medium
mktextfm Flama-Light
mktextfm Flama-Light
mktextfm Flama-Light
mktextfm Flama-Light/BI
mktextfm Flama-Light
mktextfm Flama-Light/B
mktextfm Flama-Light
mktextfm Flama-Light/I
mktextfm Flama-Light
mktextfm Flama-Light
mktextfm Flama-Light
mktextfm Flama-Light
mktextfm Flama-Light
mktextfm Flama-Light
mktextfm Flama-Light
mktextfm Flama-Light
